<?xml version="1.0" encoding="UTF-8"?>
<!-- Generated by org.testng.reporters.JUnitReportReporter -->
<testsuite hostname="LAPTOP-KPQ5QOQF" failures="0" tests="1" name="Runner.TestRunner" time="23.382" errors="0" timestamp="2019-10-26T00:03:06 IST" skipped="0">
  <testcase classname="Runner.TestRunner" name="feature" time="23.382"/>
</testsuite> <!-- Runner.TestRunner -->
